0 info it worked if it ends with ok
1 verbose cli [ 'P:\\Program Files\\nodejs\\node.exe',
1 verbose cli   'P:\\Program Files\\nodejs\\node_modules\\npm\\bin\\npm-cli.js',
1 verbose cli   'install',
1 verbose cli   'morgan',
1 verbose cli   '--save' ]
2 info using npm@3.3.6
3 info using node@v5.0.0
4 silly loadCurrentTree Starting
5 silly install loadCurrentTree
6 silly install readLocalPackageData
7 silly fetchPackageMetaData morgan
8 silly fetchNamedPackageData morgan
9 silly mapToRegistry name morgan
10 silly mapToRegistry using default registry
11 silly mapToRegistry registry https://registry.npmjs.org/
12 silly mapToRegistry uri https://registry.npmjs.org/morgan
13 verbose request uri https://registry.npmjs.org/morgan
14 verbose request no auth needed
15 info attempt registry request try #1 at 12:36:56
16 verbose request id db040776ecc12a48
17 http request GET https://registry.npmjs.org/morgan
18 http 200 https://registry.npmjs.org/morgan
19 verbose headers { server: 'CouchDB/1.5.0 (Erlang OTP/R16B03)',
19 verbose headers   etag: '"2IXERRBMPW8YY028MIFEEIC14"',
19 verbose headers   'content-type': 'application/json',
19 verbose headers   'content-encoding': 'gzip',
19 verbose headers   'cache-control': 'max-age=300',
19 verbose headers   'content-length': '9139',
19 verbose headers   'accept-ranges': 'bytes',
19 verbose headers   date: 'Mon, 05 Sep 2016 04:37:14 GMT',
19 verbose headers   via: '1.1 varnish',
19 verbose headers   age: '262',
19 verbose headers   connection: 'keep-alive',
19 verbose headers   'x-served-by': 'cache-sea1927-SEA',
19 verbose headers   'x-cache': 'HIT',
19 verbose headers   'x-cache-hits': '3',
19 verbose headers   'x-timer': 'S1473050234.430775,VS0,VE0',
19 verbose headers   vary: 'Accept-Encoding' }
20 silly get cb [ 200,
20 silly get   { server: 'CouchDB/1.5.0 (Erlang OTP/R16B03)',
20 silly get     etag: '"2IXERRBMPW8YY028MIFEEIC14"',
20 silly get     'content-type': 'application/json',
20 silly get     'content-encoding': 'gzip',
20 silly get     'cache-control': 'max-age=300',
20 silly get     'content-length': '9139',
20 silly get     'accept-ranges': 'bytes',
20 silly get     date: 'Mon, 05 Sep 2016 04:37:14 GMT',
20 silly get     via: '1.1 varnish',
20 silly get     age: '262',
20 silly get     connection: 'keep-alive',
20 silly get     'x-served-by': 'cache-sea1927-SEA',
20 silly get     'x-cache': 'HIT',
20 silly get     'x-cache-hits': '3',
20 silly get     'x-timer': 'S1473050234.430775,VS0,VE0',
20 silly get     vary: 'Accept-Encoding' } ]
21 verbose get saving morgan to P:\Users\HKK\AppData\Roaming\npm-cache\registry.npmjs.org\morgan\.cache.json
22 silly install normalizeTree
23 silly loadCurrentTree Finishing
24 silly loadIdealTree Starting
25 silly install loadIdealTree
26 silly cloneCurrentTree Starting
27 silly install cloneCurrentTreeToIdealTree
28 silly cloneCurrentTree Finishing
29 silly loadShrinkwrap Starting
30 silly install loadShrinkwrap
31 silly loadShrinkwrap Finishing
32 silly loadAllDepsIntoIdealTree Starting
33 silly install loadAllDepsIntoIdealTree
34 silly resolveWithNewModule morgan@1.7.0 checking installable status
35 silly cache add args [ 'morgan', null ]
36 verbose cache add spec morgan
37 silly cache add parsed spec Result {
37 silly cache add   raw: 'morgan',
37 silly cache add   scope: null,
37 silly cache add   name: 'morgan',
37 silly cache add   rawSpec: '',
37 silly cache add   spec: '*',
37 silly cache add   type: 'range' }
38 silly addNamed morgan@*
39 verbose addNamed "*" is a valid semver range for morgan
40 silly addNameRange { name: 'morgan', range: '*', hasData: false }
41 silly mapToRegistry name morgan
42 silly mapToRegistry using default registry
43 silly mapToRegistry registry https://registry.npmjs.org/
44 silly mapToRegistry uri https://registry.npmjs.org/morgan
45 verbose addNameRange registry:https://registry.npmjs.org/morgan not in flight; fetching
46 verbose get https://registry.npmjs.org/morgan not expired, no request
47 silly addNameRange number 2 { name: 'morgan', range: '*', hasData: true }
48 silly addNameRange versions [ 'morgan',
48 silly addNameRange   [ '1.0.0',
48 silly addNameRange     '1.0.1',
48 silly addNameRange     '1.1.0',
48 silly addNameRange     '1.1.1',
48 silly addNameRange     '1.2.0',
48 silly addNameRange     '1.2.1',
48 silly addNameRange     '1.2.2',
48 silly addNameRange     '1.2.3',
48 silly addNameRange     '1.3.0',
48 silly addNameRange     '1.3.1',
48 silly addNameRange     '1.3.2',
48 silly addNameRange     '1.4.0',
48 silly addNameRange     '1.4.1',
48 silly addNameRange     '1.5.0',
48 silly addNameRange     '1.5.1',
48 silly addNameRange     '1.5.2',
48 silly addNameRange     '1.5.3',
48 silly addNameRange     '1.6.0',
48 silly addNameRange     '1.6.1',
48 silly addNameRange     '1.7.0' ] ]
49 silly addNamed morgan@1.7.0
50 verbose addNamed "1.7.0" is a plain semver version for morgan
51 silly mapToRegistry name morgan
52 silly mapToRegistry using default registry
53 silly mapToRegistry registry https://registry.npmjs.org/
54 silly mapToRegistry uri https://registry.npmjs.org/morgan
55 verbose addRemoteTarball https://registry.npmjs.org/morgan/-/morgan-1.7.0.tgz not in flight; adding
56 verbose addRemoteTarball [ 'https://registry.npmjs.org/morgan/-/morgan-1.7.0.tgz',
56 verbose addRemoteTarball   'eb10ca8e50d1abe0f8d3dad5c0201d052d981c62' ]
57 info retry fetch attempt 1 at 12:36:58
58 info attempt registry request try #1 at 12:36:58
59 http fetch GET https://registry.npmjs.org/morgan/-/morgan-1.7.0.tgz
60 http fetch 200 https://registry.npmjs.org/morgan/-/morgan-1.7.0.tgz
61 silly fetchAndShaCheck shasum eb10ca8e50d1abe0f8d3dad5c0201d052d981c62
62 verbose addTmpTarball P:\Users\HKK\AppData\Local\Temp\npm-76124-8ac99f90\registry.npmjs.org\morgan\-\morgan-1.7.0.tgz not in flight; adding
63 verbose addTmpTarball already have metadata; skipping unpack for morgan@1.7.0
64 silly cache afterAdd morgan@1.7.0
65 verbose afterAdd P:\Users\HKK\AppData\Roaming\npm-cache\morgan\1.7.0\package\package.json not in flight; writing
66 verbose afterAdd P:\Users\HKK\AppData\Roaming\npm-cache\morgan\1.7.0\package\package.json written
67 verbose stack TypeError: Cannot read property 'localeCompare' of undefined
67 verbose stack     at installOrder (P:\Program Files\nodejs\node_modules\npm\lib\install\deps.js:241:32)
67 verbose stack     at Array.sort (native)
67 verbose stack     at P:\Program Files\nodejs\node_modules\npm\lib\install\deps.js:240:27
67 verbose stack     at cb (P:\Program Files\nodejs\node_modules\npm\node_modules\slide\lib\async-map.js:47:24)
67 verbose stack     at resolveWithExistingModule (P:\Program Files\nodejs\node_modules\npm\lib\install\deps.js:377:3)
67 verbose stack     at P:\Program Files\nodejs\node_modules\npm\lib\install\deps.js:347:5
67 verbose stack     at P:\Program Files\nodejs\node_modules\npm\node_modules\slide\lib\async-map.js:52:35
67 verbose stack     at Array.forEach (native)
67 verbose stack     at P:\Program Files\nodejs\node_modules\npm\node_modules\slide\lib\async-map.js:52:11
67 verbose stack     at Array.forEach (native)
68 verbose cwd P:\Users\HKK\Desktop\disasterRec
69 error Windows_NT 6.3.9600
70 error argv "P:\\Program Files\\nodejs\\node.exe" "P:\\Program Files\\nodejs\\node_modules\\npm\\bin\\npm-cli.js" "install" "morgan" "--save"
71 error node v5.0.0
72 error npm  v3.3.6
73 error Cannot read property 'localeCompare' of undefined
74 error If you need help, you may report this error at:
74 error     <https://github.com/npm/npm/issues>
75 verbose exit [ 1, true ]
